2026-07-07 12:54:46,673 - Connection established
2026-07-07 12:54:46,674 - Initial setup successful
2026-07-07 12:54:46,768 - Read stream 1 started
=== MATDOG LF LIVE FK — READ ONLY ===
Questo tool non invia torque, target, speed o accel.
Prima di muovere manualmente il robot, verifica fisicamente torque OFF.
Bus: 5B14114953
Config: /home/matteo-manicardi/MATDOG/github/robot-dog/06_Software/Matdog_Core/calibration/MATDOG_JOINT_CALIBRATION.yaml
URDF: /home/matteo-manicardi/MATDOG/github/robot-dog/03_CAD/URDF/matt_robodog_rev00/matt_robodog_rev00.urdf
LF servo order: lf_hip_joint=M13, lf_upper_leg_joint=M12, lf_lower_leg_joint=M11

[  0.43s] M13=3536 q=+0.00767 rad (+0.44°) | M12=2821 q=+0.00307 rad (+0.18°) | M11=2070 q=-0.00153 rad (-0.09°)
  lf_foot_link in base_link: X=+0.219147 m  Y=+0.095073 m  Z=-0.093203 m
[  0.89s] M13=3536 q=+0.00767 rad (+0.44°) | M12=2821 q=+0.00307 rad (+0.18°) | M11=2070 q=-0.00153 rad (-0.09°)
  lf_foot_link in base_link: X=+0.219147 m  Y=+0.095073 m  Z=-0.093203 m
[  1.35s] M13=3536 q=+0.00767 rad (+0.44°) | M12=2821 q=+0.00307 rad (+0.18°) | M11=2070 q=-0.00153 rad (-0.09°)
  lf_foot_link in base_link: X=+0.219147 m  Y=+0.095073 m  Z=-0.093203 m
[  1.78s] M13=3536 q=+0.00767 rad (+0.44°) | M12=2821 q=+0.00307 rad (+0.18°) | M11=2070 q=-0.00153 rad (-0.09°)
  lf_foot_link in base_link: X=+0.219147 m  Y=+0.095073 m  Z=-0.093203 m
[  2.24s] M13=3536 q=+0.00767 rad (+0.44°) | M12=2821 q=+0.00307 rad (+0.18°) | M11=2070 q=-0.00153 rad (-0.09°)
  lf_foot_link in base_link: X=+0.219147 m  Y=+0.095073 m  Z=-0.093203 m
[  2.70s] M13=3536 q=+0.00767 rad (+0.44°) | M12=2821 q=+0.00307 rad (+0.18°) | M11=2070 q=-0.00153 rad (-0.09°)
  lf_foot_link in base_link: X=+0.219147 m  Y=+0.095073 m  Z=-0.093203 m
[  3.13s] M13=3536 q=+0.00767 rad (+0.44°) | M12=2821 q=+0.00307 rad (+0.18°) | M11=2070 q=-0.00153 rad (-0.09°)
  lf_foot_link in base_link: X=+0.219147 m  Y=+0.095073 m  Z=-0.093203 m
[  3.59s] M13=3536 q=+0.00767 rad (+0.44°) | M12=2821 q=+0.00307 rad (+0.18°) | M11=2070 q=-0.00153 rad (-0.09°)
  lf_foot_link in base_link: X=+0.219147 m  Y=+0.095073 m  Z=-0.093203 m
[  4.03s] M13=3536 q=+0.00767 rad (+0.44°) | M12=2821 q=+0.00307 rad (+0.18°) | M11=2070 q=-0.00153 rad (-0.09°)
  lf_foot_link in base_link: X=+0.219147 m  Y=+0.095073 m  Z=-0.093203 m
[  4.49s] M13=3536 q=+0.00767 rad (+0.44°) | M12=2821 q=+0.00307 rad (+0.18°) | M11=2070 q=-0.00153 rad (-0.09°)
  lf_foot_link in base_link: X=+0.219147 m  Y=+0.095073 m  Z=-0.093203 m
[  4.92s] M13=3536 q=+0.00767 rad (+0.44°) | M12=2821 q=+0.00307 rad (+0.18°) | M11=2070 q=-0.00153 rad (-0.09°)
  lf_foot_link in base_link: X=+0.219147 m  Y=+0.095073 m  Z=-0.093203 m
[  5.38s] M13=3536 q=+0.00767 rad (+0.44°) | M12=2821 q=+0.00307 rad (+0.18°) | M11=2070 q=-0.00153 rad (-0.09°)
  lf_foot_link in base_link: X=+0.219147 m  Y=+0.095073 m  Z=-0.093203 m
[  5.83s] M13=3536 q=+0.00767 rad (+0.44°) | M12=2821 q=+0.00307 rad (+0.18°) | M11=2070 q=-0.00153 rad (-0.09°)
  lf_foot_link in base_link: X=+0.219147 m  Y=+0.095073 m  Z=-0.093203 m
[  6.29s] M13=3536 q=+0.00767 rad (+0.44°) | M12=2821 q=+0.00307 rad (+0.18°) | M11=2070 q=-0.00153 rad (-0.09°)
  lf_foot_link in base_link: X=+0.219147 m  Y=+0.095073 m  Z=-0.093203 m
[  6.72s] M13=3536 q=+0.00767 rad (+0.44°) | M12=2821 q=+0.00307 rad (+0.18°) | M11=2070 q=-0.00153 rad (-0.09°)
  lf_foot_link in base_link: X=+0.219147 m  Y=+0.095073 m  Z=-0.093203 m
[  7.18s] M13=3536 q=+0.00767 rad (+0.44°) | M12=2821 q=+0.00307 rad (+0.18°) | M11=2070 q=-0.00153 rad (-0.09°)
  lf_foot_link in base_link: X=+0.219147 m  Y=+0.095073 m  Z=-0.093203 m
[  7.61s] M13=3536 q=+0.00767 rad (+0.44°) | M12=2821 q=+0.00307 rad (+0.18°) | M11=2070 q=-0.00153 rad (-0.09°)
  lf_foot_link in base_link: X=+0.219147 m  Y=+0.095073 m  Z=-0.093203 m
[  8.05s] M13=3536 q=+0.00767 rad (+0.44°) | M12=2821 q=+0.00307 rad (+0.18°) | M11=2070 q=-0.00153 rad (-0.09°)
  lf_foot_link in base_link: X=+0.219147 m  Y=+0.095073 m  Z=-0.093203 m
[  8.51s] M13=3536 q=+0.00767 rad (+0.44°) | M12=2821 q=+0.00307 rad (+0.18°) | M11=2070 q=-0.00153 rad (-0.09°)
  lf_foot_link in base_link: X=+0.219147 m  Y=+0.095073 m  Z=-0.093203 m
[  8.97s] M13=3536 q=+0.00767 rad (+0.44°) | M12=2821 q=+0.00307 rad (+0.18°) | M11=2070 q=-0.00153 rad (-0.09°)
  lf_foot_link in base_link: X=+0.219147 m  Y=+0.095073 m  Z=-0.093203 m
[  9.40s] M13=3536 q=+0.00767 rad (+0.44°) | M12=2821 q=+0.00307 rad (+0.18°) | M11=2070 q=-0.00153 rad (-0.09°)
  lf_foot_link in base_link: X=+0.219147 m  Y=+0.095073 m  Z=-0.093203 m
[  9.86s] M13=3536 q=+0.00767 rad (+0.44°) | M12=2821 q=+0.00307 rad (+0.18°) | M11=2070 q=-0.00153 rad (-0.09°)
  lf_foot_link in base_link: X=+0.219147 m  Y=+0.095073 m  Z=-0.093203 m
[ 10.31s] M13=3536 q=+0.00767 rad (+0.44°) | M12=2821 q=+0.00307 rad (+0.18°) | M11=2070 q=-0.00153 rad (-0.09°)
  lf_foot_link in base_link: X=+0.219147 m  Y=+0.095073 m  Z=-0.093203 m
[ 10.77s] M13=3536 q=+0.00767 rad (+0.44°) | M12=2821 q=+0.00307 rad (+0.18°) | M11=2070 q=-0.00153 rad (-0.09°)
  lf_foot_link in base_link: X=+0.219147 m  Y=+0.095073 m  Z=-0.093203 m
[ 11.20s] M13=3536 q=+0.00767 rad (+0.44°) | M12=2819 q=+0.00000 rad (+0.00°) | M11=2070 q=-0.00153 rad (-0.09°)
  lf_foot_link in base_link: X=+0.219576 m  Y=+0.095070 m  Z=-0.092875 m
[ 11.23s] M13=3535 q=+0.00920 rad (+0.53°) | M12=2819 q=+0.00000 rad (+0.00°) | M11=2070 q=-0.00153 rad (-0.09°)
  lf_foot_link in base_link: X=+0.219576 m  Y=+0.095284 m  Z=-0.092802 m
[ 11.66s] M13=3535 q=+0.00920 rad (+0.53°) | M12=2818 q=-0.00153 rad (-0.09°) | M11=2070 q=-0.00153 rad (-0.09°)
  lf_foot_link in base_link: X=+0.219791 m  Y=+0.095283 m  Z=-0.092638 m
[ 12.11s] M13=3535 q=+0.00920 rad (+0.53°) | M12=2818 q=-0.00153 rad (-0.09°) | M11=2070 q=-0.00153 rad (-0.09°)
  lf_foot_link in base_link: X=+0.219791 m  Y=+0.095283 m  Z=-0.092638 m
[ 12.55s] M13=3535 q=+0.00920 rad (+0.53°) | M12=2817 q=-0.00307 rad (-0.18°) | M11=2070 q=-0.00153 rad (-0.09°)
  lf_foot_link in base_link: X=+0.220005 m  Y=+0.095281 m  Z=-0.092473 m
[ 13.01s] M13=3535 q=+0.00920 rad (+0.53°) | M12=2816 q=-0.00460 rad (-0.26°) | M11=2070 q=-0.00153 rad (-0.09°)
  lf_foot_link in base_link: X=+0.220218 m  Y=+0.095280 m  Z=-0.092308 m
[ 13.46s] M13=3535 q=+0.00920 rad (+0.53°) | M12=2816 q=-0.00460 rad (-0.26°) | M11=2070 q=-0.00153 rad (-0.09°)
  lf_foot_link in base_link: X=+0.220218 m  Y=+0.095280 m  Z=-0.092308 m
[ 13.90s] M13=3535 q=+0.00920 rad (+0.53°) | M12=2816 q=-0.00460 rad (-0.26°) | M11=2070 q=-0.00153 rad (-0.09°)
  lf_foot_link in base_link: X=+0.220218 m  Y=+0.095280 m  Z=-0.092308 m
[ 13.92s] M13=3535 q=+0.00920 rad (+0.53°) | M12=2815 q=-0.00614 rad (-0.35°) | M11=2072 q=-0.00460 rad (-0.26°)
  lf_foot_link in base_link: X=+0.220582 m  Y=+0.095275 m  Z=-0.091813 m
[ 14.35s] M13=3535 q=+0.00920 rad (+0.53°) | M12=2814 q=-0.00767 rad (-0.44°) | M11=2074 q=-0.00767 rad (-0.44°)
  lf_foot_link in base_link: X=+0.220943 m  Y=+0.095270 m  Z=-0.091316 m
[ 14.81s] M13=3535 q=+0.00920 rad (+0.53°) | M12=2813 q=-0.00920 rad (-0.53°) | M11=2075 q=-0.00920 rad (-0.53°)
  lf_foot_link in base_link: X=+0.221229 m  Y=+0.095267 m  Z=-0.090984 m
[ 15.24s] M13=3535 q=+0.00920 rad (+0.53°) | M12=2813 q=-0.00920 rad (-0.53°) | M11=2075 q=-0.00920 rad (-0.53°)
  lf_foot_link in base_link: X=+0.221229 m  Y=+0.095267 m  Z=-0.090984 m
[ 15.27s] M13=3535 q=+0.00920 rad (+0.53°) | M12=2792 q=-0.04142 rad (-2.37°) | M11=2075 q=-0.00920 rad (-0.53°)
  lf_foot_link in base_link: X=+0.225614 m  Y=+0.095235 m  Z=-0.087411 m
[ 15.70s] M13=3535 q=+0.00920 rad (+0.53°) | M12=2788 q=-0.04755 rad (-2.72°) | M11=2075 q=-0.00920 rad (-0.53°)
  lf_foot_link in base_link: X=+0.226437 m  Y=+0.095228 m  Z=-0.086715 m
[ 16.14s] M13=3535 q=+0.00920 rad (+0.53°) | M12=2788 q=-0.04755 rad (-2.72°) | M11=2075 q=-0.00920 rad (-0.53°)
  lf_foot_link in base_link: X=+0.226437 m  Y=+0.095228 m  Z=-0.086715 m
[ 16.16s] M13=3535 q=+0.00920 rad (+0.53°) | M12=2769 q=-0.07670 rad (-4.39°) | M11=2075 q=-0.00920 rad (-0.53°)
  lf_foot_link in base_link: X=+0.230283 m  Y=+0.095197 m  Z=-0.083338 m
[ 16.60s] M13=3535 q=+0.00920 rad (+0.53°) | M12=2759 q=-0.09204 rad (-5.27°) | M11=2076 q=-0.01074 rad (-0.62°)
  lf_foot_link in base_link: X=+0.232327 m  Y=+0.095179 m  Z=-0.081345 m
[ 17.05s] M13=3535 q=+0.00920 rad (+0.53°) | M12=2741 q=-0.11965 rad (-6.86°) | M11=2076 q=-0.01074 rad (-0.62°)
  lf_foot_link in base_link: X=+0.235823 m  Y=+0.095148 m  Z=-0.077988 m
[ 17.48s] M13=3535 q=+0.00920 rad (+0.53°) | M12=2741 q=-0.11965 rad (-6.86°) | M11=2076 q=-0.01074 rad (-0.62°)
  lf_foot_link in base_link: X=+0.235823 m  Y=+0.095148 m  Z=-0.077988 m
[ 17.51s] M13=3535 q=+0.00920 rad (+0.53°) | M12=2718 q=-0.15493 rad (-8.88°) | M11=2076 q=-0.01074 rad (-0.62°)
  lf_foot_link in base_link: X=+0.240152 m  Y=+0.095107 m  Z=-0.073560 m
[ 17.94s] M13=3535 q=+0.00920 rad (+0.53°) | M12=2705 q=-0.17487 rad (-10.02°) | M11=2076 q=-0.01074 rad (-0.62°)
  lf_foot_link in base_link: X=+0.242530 m  Y=+0.095083 m  Z=-0.070991 m
[ 18.40s] M13=3535 q=+0.00920 rad (+0.53°) | M12=2693 q=-0.19328 rad (-11.07°) | M11=2076 q=-0.01074 rad (-0.62°)
  lf_foot_link in base_link: X=+0.244678 m  Y=+0.095061 m  Z=-0.068577 m
[ 18.83s] M13=3535 q=+0.00920 rad (+0.53°) | M12=2685 q=-0.20555 rad (-11.78°) | M11=2076 q=-0.01074 rad (-0.62°)
  lf_foot_link in base_link: X=+0.246086 m  Y=+0.095046 m  Z=-0.066947 m
[ 19.29s] M13=3535 q=+0.00920 rad (+0.53°) | M12=2670 q=-0.22856 rad (-13.10°) | M11=2076 q=-0.01074 rad (-0.62°)
  lf_foot_link in base_link: X=+0.248670 m  Y=+0.095018 m  Z=-0.063843 m
[ 19.75s] M13=3535 q=+0.00920 rad (+0.53°) | M12=2660 q=-0.24390 rad (-13.97°) | M11=2076 q=-0.01074 rad (-0.62°)
  lf_foot_link in base_link: X=+0.250354 m  Y=+0.094998 m  Z=-0.061742 m
[ 20.18s] M13=3535 q=+0.00920 rad (+0.53°) | M12=2660 q=-0.24390 rad (-13.97°) | M11=2076 q=-0.01074 rad (-0.62°)
  lf_foot_link in base_link: X=+0.250354 m  Y=+0.094998 m  Z=-0.061742 m
[ 20.21s] M13=3535 q=+0.00920 rad (+0.53°) | M12=2637 q=-0.27918 rad (-16.00°) | M11=2076 q=-0.01074 rad (-0.62°)
  lf_foot_link in base_link: X=+0.254101 m  Y=+0.094953 m  Z=-0.056811 m
[ 20.64s] M13=3535 q=+0.00920 rad (+0.53°) | M12=2637 q=-0.27918 rad (-16.00°) | M11=2076 q=-0.01074 rad (-0.62°)
  lf_foot_link in base_link: X=+0.254101 m  Y=+0.094953 m  Z=-0.056811 m
[ 20.69s] M13=3535 q=+0.00920 rad (+0.53°) | M12=2635 q=-0.28225 rad (-16.17°) | M11=2076 q=-0.01074 rad (-0.62°)
  lf_foot_link in base_link: X=+0.254419 m  Y=+0.094949 m  Z=-0.056377 m
[ 21.08s] M13=3535 q=+0.00920 rad (+0.53°) | M12=2635 q=-0.28225 rad (-16.17°) | M11=2076 q=-0.01074 rad (-0.62°)
  lf_foot_link in base_link: X=+0.254419 m  Y=+0.094949 m  Z=-0.056377 m
[ 21.54s] M13=3535 q=+0.00920 rad (+0.53°) | M12=2611 q=-0.31907 rad (-18.28°) | M11=2076 q=-0.01074 rad (-0.62°)
  lf_foot_link in base_link: X=+0.258125 m  Y=+0.094900 m  Z=-0.051083 m
[ 21.99s] M13=3535 q=+0.00920 rad (+0.53°) | M12=2588 q=-0.35435 rad (-20.30°) | M11=2076 q=-0.01074 rad (-0.62°)
  lf_foot_link in base_link: X=+0.261492 m  Y=+0.094852 m  Z=-0.045886 m
[ 22.43s] M13=3535 q=+0.00920 rad (+0.53°) | M12=2577 q=-0.37122 rad (-21.27°) | M11=2076 q=-0.01074 rad (-0.62°)
  lf_foot_link in base_link: X=+0.263037 m  Y=+0.094829 m  Z=-0.043358 m
[ 22.88s] M13=3535 q=+0.00920 rad (+0.53°) | M12=2564 q=-0.39117 rad (-22.41°) | M11=2076 q=-0.01074 rad (-0.62°)
  lf_foot_link in base_link: X=+0.264807 m  Y=+0.094801 m  Z=-0.040339 m
[ 23.32s] M13=3535 q=+0.00920 rad (+0.53°) | M12=2564 q=-0.39117 rad (-22.41°) | M11=2076 q=-0.01074 rad (-0.62°)
  lf_foot_link in base_link: X=+0.264807 m  Y=+0.094801 m  Z=-0.040339 m
[ 23.34s] M13=3535 q=+0.00920 rad (+0.53°) | M12=2540 q=-0.42798 rad (-24.52°) | M11=2076 q=-0.01074 rad (-0.62°)
  lf_foot_link in base_link: X=+0.267916 m  Y=+0.094749 m  Z=-0.034674 m
[ 23.78s] M13=3535 q=+0.00920 rad (+0.53°) | M12=2539 q=-0.42951 rad (-24.61°) | M11=2076 q=-0.01074 rad (-0.62°)
  lf_foot_link in base_link: X=+0.268041 m  Y=+0.094747 m  Z=-0.034435 m
[ 24.23s] M13=3535 q=+0.00920 rad (+0.53°) | M12=2545 q=-0.42031 rad (-24.08°) | M11=2071 q=-0.00307 rad (-0.18°)
  lf_foot_link in base_link: X=+0.267278 m  Y=+0.094768 m  Z=-0.036769 m
[ 24.66s] M13=3535 q=+0.00920 rad (+0.53°) | M12=2556 q=-0.40344 rad (-23.12°) | M11=2071 q=-0.00307 rad (-0.18°)
  lf_foot_link in base_link: X=+0.265843 m  Y=+0.094792 m  Z=-0.039369 m
[ 24.69s] M13=3535 q=+0.00920 rad (+0.53°) | M12=2556 q=-0.40344 rad (-23.12°) | M11=2070 q=-0.00153 rad (-0.09°)
  lf_foot_link in base_link: X=+0.265838 m  Y=+0.094794 m  Z=-0.039550 m
[ 25.12s] M13=3535 q=+0.00920 rad (+0.53°) | M12=2595 q=-0.34361 rad (-19.69°) | M11=2070 q=-0.00153 rad (-0.09°)
  lf_foot_link in base_link: X=+0.260393 m  Y=+0.094877 m  Z=-0.048562 m
[ 25.57s] M13=3535 q=+0.00920 rad (+0.53°) | M12=2606 q=-0.32674 rad (-18.72°) | M11=2070 q=-0.00153 rad (-0.09°)
  lf_foot_link in base_link: X=+0.258760 m  Y=+0.094900 m  Z=-0.051044 m
[ 26.01s] M13=3535 q=+0.00920 rad (+0.53°) | M12=2606 q=-0.32674 rad (-18.72°) | M11=2070 q=-0.00153 rad (-0.09°)
  lf_foot_link in base_link: X=+0.258760 m  Y=+0.094900 m  Z=-0.051044 m
[ 26.04s] M13=3535 q=+0.00920 rad (+0.53°) | M12=2649 q=-0.26078 rad (-14.94°) | M11=2070 q=-0.00153 rad (-0.09°)
  lf_foot_link in base_link: X=+0.251984 m  Y=+0.094987 m  Z=-0.060471 m
[ 26.45s] M13=3535 q=+0.00920 rad (+0.53°) | M12=2649 q=-0.26078 rad (-14.94°) | M11=2070 q=-0.00153 rad (-0.09°)
  lf_foot_link in base_link: X=+0.251984 m  Y=+0.094987 m  Z=-0.060471 m
[ 26.47s] M13=3535 q=+0.00920 rad (+0.53°) | M12=2688 q=-0.20095 rad (-11.51°) | M11=2070 q=-0.00153 rad (-0.09°)
  lf_foot_link in base_link: X=+0.245313 m  Y=+0.095062 m  Z=-0.068618 m
[ 26.91s] M13=3535 q=+0.00920 rad (+0.53°) | M12=2725 q=-0.14419 rad (-8.26°) | M11=2070 q=-0.00153 rad (-0.09°)
  lf_foot_link in base_link: X=+0.238545 m  Y=+0.095129 m  Z=-0.075966 m
[ 27.36s] M13=3535 q=+0.00920 rad (+0.53°) | M12=2748 q=-0.10891 rad (-6.24°) | M11=2070 q=-0.00153 rad (-0.09°)
  lf_foot_link in base_link: X=+0.234131 m  Y=+0.095169 m  Z=-0.080336 m
[ 27.79s] M13=3535 q=+0.00920 rad (+0.53°) | M12=2748 q=-0.10891 rad (-6.24°) | M11=2070 q=-0.00153 rad (-0.09°)
  lf_foot_link in base_link: X=+0.234131 m  Y=+0.095169 m  Z=-0.080336 m
[ 27.82s] M13=3534 q=+0.01074 rad (+0.62°) | M12=2759 q=-0.09204 rad (-5.27°) | M11=2070 q=-0.00153 rad (-0.09°)
  lf_foot_link in base_link: X=+0.231966 m  Y=+0.095386 m  Z=-0.082296 m
[ 28.25s] M13=3534 q=+0.01074 rad (+0.62°) | M12=2773 q=-0.07056 rad (-4.04°) | M11=2070 q=-0.00153 rad (-0.09°)
  lf_foot_link in base_link: X=+0.229162 m  Y=+0.095413 m  Z=-0.084832 m
[ 28.71s] M13=3534 q=+0.01074 rad (+0.62°) | M12=2795 q=-0.03682 rad (-2.11°) | M11=2070 q=-0.00153 rad (-0.09°)
  lf_foot_link in base_link: X=+0.224647 m  Y=+0.095454 m  Z=-0.088693 m
[ 29.14s] M13=3534 q=+0.01074 rad (+0.62°) | M12=2790 q=-0.04449 rad (-2.55°) | M11=2070 q=-0.00153 rad (-0.09°)
  lf_foot_link in base_link: X=+0.225685 m  Y=+0.095445 m  Z=-0.087829 m
[ 29.17s] M13=3534 q=+0.01074 rad (+0.62°) | M12=2790 q=-0.04449 rad (-2.55°) | M11=2071 q=-0.00307 rad (-0.18°)
  lf_foot_link in base_link: X=+0.225753 m  Y=+0.095443 m  Z=-0.087661 m
[ 29.60s] M13=3535 q=+0.00920 rad (+0.53°) | M12=2792 q=-0.04142 rad (-2.37°) | M11=2071 q=-0.00307 rad (-0.18°)
  lf_foot_link in base_link: X=+0.225340 m  Y=+0.095241 m  Z=-0.088081 m
[ 30.03s] M13=3535 q=+0.00920 rad (+0.53°) | M12=2792 q=-0.04142 rad (-2.37°) | M11=2071 q=-0.00307 rad (-0.18°)
  lf_foot_link in base_link: X=+0.225340 m  Y=+0.095241 m  Z=-0.088081 m
[ 30.06s] M13=3535 q=+0.00920 rad (+0.53°) | M12=2793 q=-0.03988 rad (-2.29°) | M11=2071 q=-0.00307 rad (-0.18°)
  lf_foot_link in base_link: X=+0.225132 m  Y=+0.095242 m  Z=-0.088254 m
[ 30.49s] M13=3535 q=+0.00920 rad (+0.53°) | M12=2793 q=-0.03988 rad (-2.29°) | M11=2071 q=-0.00307 rad (-0.18°)
  lf_foot_link in base_link: X=+0.225132 m  Y=+0.095242 m  Z=-0.088254 m
[ 30.95s] M13=3535 q=+0.00920 rad (+0.53°) | M12=2793 q=-0.03988 rad (-2.29°) | M11=2071 q=-0.00307 rad (-0.18°)
  lf_foot_link in base_link: X=+0.225132 m  Y=+0.095242 m  Z=-0.088254 m
[ 31.38s] M13=3535 q=+0.00920 rad (+0.53°) | M12=2793 q=-0.03988 rad (-2.29°) | M11=2071 q=-0.00307 rad (-0.18°)
  lf_foot_link in base_link: X=+0.225132 m  Y=+0.095242 m  Z=-0.088254 m
[ 31.84s] M13=3535 q=+0.00920 rad (+0.53°) | M12=2793 q=-0.03988 rad (-2.29°) | M11=2071 q=-0.00307 rad (-0.18°)
  lf_foot_link in base_link: X=+0.225132 m  Y=+0.095242 m  Z=-0.088254 m
[ 32.27s] M13=3535 q=+0.00920 rad (+0.53°) | M12=2793 q=-0.03988 rad (-2.29°) | M11=2071 q=-0.00307 rad (-0.18°)
  lf_foot_link in base_link: X=+0.225132 m  Y=+0.095242 m  Z=-0.088254 m
[ 32.73s] M13=3534 q=+0.01074 rad (+0.62°) | M12=2796 q=-0.03528 rad (-2.02°) | M11=2070 q=-0.00153 rad (-0.09°)
  lf_foot_link in base_link: X=+0.224439 m  Y=+0.095456 m  Z=-0.088865 m
[ 33.16s] M13=3534 q=+0.01074 rad (+0.62°) | M12=2805 q=-0.02148 rad (-1.23°) | M11=2070 q=-0.00153 rad (-0.09°)
  lf_foot_link in base_link: X=+0.222552 m  Y=+0.095473 m  Z=-0.090397 m
[ 33.62s] M13=3534 q=+0.01074 rad (+0.62°) | M12=2820 q=+0.00153 rad (+0.09°) | M11=2070 q=-0.00153 rad (-0.09°)
  lf_foot_link in base_link: X=+0.219362 m  Y=+0.095500 m  Z=-0.092893 m
[ 34.05s] M13=3534 q=+0.01074 rad (+0.62°) | M12=2820 q=+0.00153 rad (+0.09°) | M11=2070 q=-0.00153 rad (-0.09°)
  lf_foot_link in base_link: X=+0.219362 m  Y=+0.095500 m  Z=-0.092893 m
[ 34.08s] M13=3534 q=+0.01074 rad (+0.62°) | M12=2824 q=+0.00767 rad (+0.44°) | M11=2070 q=-0.00153 rad (-0.09°)
  lf_foot_link in base_link: X=+0.218502 m  Y=+0.095507 m  Z=-0.093546 m
[ 34.51s] M13=3534 q=+0.01074 rad (+0.62°) | M12=2824 q=+0.00767 rad (+0.44°) | M11=2070 q=-0.00153 rad (-0.09°)
  lf_foot_link in base_link: X=+0.218502 m  Y=+0.095507 m  Z=-0.093546 m
[ 34.95s] M13=3534 q=+0.01074 rad (+0.62°) | M12=2824 q=+0.00767 rad (+0.44°) | M11=2070 q=-0.00153 rad (-0.09°)
  lf_foot_link in base_link: X=+0.218502 m  Y=+0.095507 m  Z=-0.093546 m
[ 35.40s] M13=3534 q=+0.01074 rad (+0.62°) | M12=2824 q=+0.00767 rad (+0.44°) | M11=2070 q=-0.00153 rad (-0.09°)
  lf_foot_link in base_link: X=+0.218502 m  Y=+0.095507 m  Z=-0.093546 m
[ 35.84s] M13=3534 q=+0.01074 rad (+0.62°) | M12=2824 q=+0.00767 rad (+0.44°) | M11=2070 q=-0.00153 rad (-0.09°)
  lf_foot_link in base_link: X=+0.218502 m  Y=+0.095507 m  Z=-0.093546 m
[ 36.29s] M13=3534 q=+0.01074 rad (+0.62°) | M12=2824 q=+0.00767 rad (+0.44°) | M11=2070 q=-0.00153 rad (-0.09°)
  lf_foot_link in base_link: X=+0.218502 m  Y=+0.095507 m  Z=-0.093546 m
[ 36.72s] M13=3534 q=+0.01074 rad (+0.62°) | M12=2824 q=+0.00767 rad (+0.44°) | M11=2070 q=-0.00153 rad (-0.09°)
  lf_foot_link in base_link: X=+0.218502 m  Y=+0.095507 m  Z=-0.093546 m
[ 37.16s] M13=3534 q=+0.01074 rad (+0.62°) | M12=2824 q=+0.00767 rad (+0.44°) | M11=2070 q=-0.00153 rad (-0.09°)
  lf_foot_link in base_link: X=+0.218502 m  Y=+0.095507 m  Z=-0.093546 m
[ 37.61s] M13=3534 q=+0.01074 rad (+0.62°) | M12=2824 q=+0.00767 rad (+0.44°) | M11=2070 q=-0.00153 rad (-0.09°)
  lf_foot_link in base_link: X=+0.218502 m  Y=+0.095507 m  Z=-0.093546 m
[ 38.05s] M13=3534 q=+0.01074 rad (+0.62°) | M12=2824 q=+0.00767 rad (+0.44°) | M11=2070 q=-0.00153 rad (-0.09°)
  lf_foot_link in base_link: X=+0.218502 m  Y=+0.095507 m  Z=-0.093546 m
[ 38.50s] M13=3534 q=+0.01074 rad (+0.62°) | M12=2824 q=+0.00767 rad (+0.44°) | M11=2070 q=-0.00153 rad (-0.09°)
  lf_foot_link in base_link: X=+0.218502 m  Y=+0.095507 m  Z=-0.093546 m
[ 38.94s] M13=3534 q=+0.01074 rad (+0.62°) | M12=2824 q=+0.00767 rad (+0.44°) | M11=2070 q=-0.00153 rad (-0.09°)
  lf_foot_link in base_link: X=+0.218502 m  Y=+0.095507 m  Z=-0.093546 m
[ 39.39s] M13=3534 q=+0.01074 rad (+0.62°) | M12=2824 q=+0.00767 rad (+0.44°) | M11=2070 q=-0.00153 rad (-0.09°)
  lf_foot_link in base_link: X=+0.218502 m  Y=+0.095507 m  Z=-0.093546 m
[ 39.82s] M13=3534 q=+0.01074 rad (+0.62°) | M12=2824 q=+0.00767 rad (+0.44°) | M11=2070 q=-0.00153 rad (-0.09°)
  lf_foot_link in base_link: X=+0.218502 m  Y=+0.095507 m  Z=-0.093546 m
[ 40.28s] M13=3534 q=+0.01074 rad (+0.62°) | M12=2824 q=+0.00767 rad (+0.44°) | M11=2070 q=-0.00153 rad (-0.09°)
  lf_foot_link in base_link: X=+0.218502 m  Y=+0.095507 m  Z=-0.093546 m
[ 40.73s] M13=3534 q=+0.01074 rad (+0.62°) | M12=2824 q=+0.00767 rad (+0.44°) | M11=2070 q=-0.00153 rad (-0.09°)
  lf_foot_link in base_link: X=+0.218502 m  Y=+0.095507 m  Z=-0.093546 m
[ 41.16s] M13=3534 q=+0.01074 rad (+0.62°) | M12=2824 q=+0.00767 rad (+0.44°) | M11=2070 q=-0.00153 rad (-0.09°)
  lf_foot_link in base_link: X=+0.218502 m  Y=+0.095507 m  Z=-0.093546 m
[ 41.62s] M13=3534 q=+0.01074 rad (+0.62°) | M12=2824 q=+0.00767 rad (+0.44°) | M11=2070 q=-0.00153 rad (-0.09°)
  lf_foot_link in base_link: X=+0.218502 m  Y=+0.095507 m  Z=-0.093546 m
[ 42.06s] M13=3534 q=+0.01074 rad (+0.62°) | M12=2824 q=+0.00767 rad (+0.44°) | M11=2070 q=-0.00153 rad (-0.09°)
  lf_foot_link in base_link: X=+0.218502 m  Y=+0.095507 m  Z=-0.093546 m
[ 42.08s] M13=3535 q=+0.00920 rad (+0.53°) | M12=2824 q=+0.00767 rad (+0.44°) | M11=2070 q=-0.00153 rad (-0.09°)
  lf_foot_link in base_link: X=+0.218502 m  Y=+0.095292 m  Z=-0.093619 m
[ 42.51s] M13=3535 q=+0.00920 rad (+0.53°) | M12=2824 q=+0.00767 rad (+0.44°) | M11=2070 q=-0.00153 rad (-0.09°)
  lf_foot_link in base_link: X=+0.218502 m  Y=+0.095292 m  Z=-0.093619 m
[ 42.97s] M13=3535 q=+0.00920 rad (+0.53°) | M12=2824 q=+0.00767 rad (+0.44°) | M11=2070 q=-0.00153 rad (-0.09°)
  lf_foot_link in base_link: X=+0.218502 m  Y=+0.095292 m  Z=-0.093619 m
[ 43.40s] M13=3535 q=+0.00920 rad (+0.53°) | M12=2824 q=+0.00767 rad (+0.44°) | M11=2070 q=-0.00153 rad (-0.09°)
  lf_foot_link in base_link: X=+0.218502 m  Y=+0.095292 m  Z=-0.093619 m
[ 43.86s] M13=3535 q=+0.00920 rad (+0.53°) | M12=2824 q=+0.00767 rad (+0.44°) | M11=2070 q=-0.00153 rad (-0.09°)
  lf_foot_link in base_link: X=+0.218502 m  Y=+0.095292 m  Z=-0.093619 m
[ 44.29s] M13=3535 q=+0.00920 rad (+0.53°) | M12=2824 q=+0.00767 rad (+0.44°) | M11=2070 q=-0.00153 rad (-0.09°)
  lf_foot_link in base_link: X=+0.218502 m  Y=+0.095292 m  Z=-0.093619 m
[ 44.75s] M13=3535 q=+0.00920 rad (+0.53°) | M12=2824 q=+0.00767 rad (+0.44°) | M11=2070 q=-0.00153 rad (-0.09°)
  lf_foot_link in base_link: X=+0.218502 m  Y=+0.095292 m  Z=-0.093619 m
[ 45.18s] M13=3535 q=+0.00920 rad (+0.53°) | M12=2824 q=+0.00767 rad (+0.44°) | M11=2070 q=-0.00153 rad (-0.09°)
  lf_foot_link in base_link: X=+0.218502 m  Y=+0.095292 m  Z=-0.093619 m
[ 45.65s] M13=3535 q=+0.00920 rad (+0.53°) | M12=2824 q=+0.00767 rad (+0.44°) | M11=2070 q=-0.00153 rad (-0.09°)
  lf_foot_link in base_link: X=+0.218502 m  Y=+0.095292 m  Z=-0.093619 m
[ 46.08s] M13=3535 q=+0.00920 rad (+0.53°) | M12=2824 q=+0.00767 rad (+0.44°) | M11=2070 q=-0.00153 rad (-0.09°)
  lf_foot_link in base_link: X=+0.218502 m  Y=+0.095292 m  Z=-0.093619 m
[ 46.54s] M13=3535 q=+0.00920 rad (+0.53°) | M12=2824 q=+0.00767 rad (+0.44°) | M11=2070 q=-0.00153 rad (-0.09°)
  lf_foot_link in base_link: X=+0.218502 m  Y=+0.095292 m  Z=-0.093619 m
[ 46.97s] M13=3535 q=+0.00920 rad (+0.53°) | M12=2824 q=+0.00767 rad (+0.44°) | M11=2070 q=-0.00153 rad (-0.09°)
  lf_foot_link in base_link: X=+0.218502 m  Y=+0.095292 m  Z=-0.093619 m
[ 47.43s] M13=3535 q=+0.00920 rad (+0.53°) | M12=2824 q=+0.00767 rad (+0.44°) | M11=2070 q=-0.00153 rad (-0.09°)
  lf_foot_link in base_link: X=+0.218502 m  Y=+0.095292 m  Z=-0.093619 m
[ 47.86s] M13=3535 q=+0.00920 rad (+0.53°) | M12=2824 q=+0.00767 rad (+0.44°) | M11=2070 q=-0.00153 rad (-0.09°)
  lf_foot_link in base_link: X=+0.218502 m  Y=+0.095292 m  Z=-0.093619 m
[ 48.32s] M13=3535 q=+0.00920 rad (+0.53°) | M12=2824 q=+0.00767 rad (+0.44°) | M11=2070 q=-0.00153 rad (-0.09°)
  lf_foot_link in base_link: X=+0.218502 m  Y=+0.095292 m  Z=-0.093619 m
[ 48.75s] M13=3535 q=+0.00920 rad (+0.53°) | M12=2824 q=+0.00767 rad (+0.44°) | M11=2070 q=-0.00153 rad (-0.09°)
  lf_foot_link in base_link: X=+0.218502 m  Y=+0.095292 m  Z=-0.093619 m
[ 49.21s] M13=3535 q=+0.00920 rad (+0.53°) | M12=2824 q=+0.00767 rad (+0.44°) | M11=2070 q=-0.00153 rad (-0.09°)
  lf_foot_link in base_link: X=+0.218502 m  Y=+0.095292 m  Z=-0.093619 m
[ 49.67s] M13=3535 q=+0.00920 rad (+0.53°) | M12=2824 q=+0.00767 rad (+0.44°) | M11=2070 q=-0.00153 rad (-0.09°)
  lf_foot_link in base_link: X=+0.218502 m  Y=+0.095292 m  Z=-0.093619 m
[ 50.10s] M13=3535 q=+0.00920 rad (+0.53°) | M12=2824 q=+0.00767 rad (+0.44°) | M11=2070 q=-0.00153 rad (-0.09°)
  lf_foot_link in base_link: X=+0.218502 m  Y=+0.095292 m  Z=-0.093619 m
[ 50.56s] M13=3535 q=+0.00920 rad (+0.53°) | M12=2824 q=+0.00767 rad (+0.44°) | M11=2070 q=-0.00153 rad (-0.09°)
  lf_foot_link in base_link: X=+0.218502 m  Y=+0.095292 m  Z=-0.093619 m
[ 51.01s] M13=3535 q=+0.00920 rad (+0.53°) | M12=2824 q=+0.00767 rad (+0.44°) | M11=2070 q=-0.00153 rad (-0.09°)
  lf_foot_link in base_link: X=+0.218502 m  Y=+0.095292 m  Z=-0.093619 m
[ 51.44s] M13=3535 q=+0.00920 rad (+0.53°) | M12=2824 q=+0.00767 rad (+0.44°) | M11=2070 q=-0.00153 rad (-0.09°)
  lf_foot_link in base_link: X=+0.218502 m  Y=+0.095292 m  Z=-0.093619 m
[ 51.90s] M13=3535 q=+0.00920 rad (+0.53°) | M12=2824 q=+0.00767 rad (+0.44°) | M11=2070 q=-0.00153 rad (-0.09°)
  lf_foot_link in base_link: X=+0.218502 m  Y=+0.095292 m  Z=-0.093619 m
[ 52.36s] M13=3535 q=+0.00920 rad (+0.53°) | M12=2824 q=+0.00767 rad (+0.44°) | M11=2070 q=-0.00153 rad (-0.09°)
  lf_foot_link in base_link: X=+0.218502 m  Y=+0.095292 m  Z=-0.093619 m
[ 52.79s] M13=3535 q=+0.00920 rad (+0.53°) | M12=2824 q=+0.00767 rad (+0.44°) | M11=2070 q=-0.00153 rad (-0.09°)
  lf_foot_link in base_link: X=+0.218502 m  Y=+0.095292 m  Z=-0.093619 m
[ 53.25s] M13=3535 q=+0.00920 rad (+0.53°) | M12=2824 q=+0.00767 rad (+0.44°) | M11=2070 q=-0.00153 rad (-0.09°)
  lf_foot_link in base_link: X=+0.218502 m  Y=+0.095292 m  Z=-0.093619 m
[ 53.68s] M13=3535 q=+0.00920 rad (+0.53°) | M12=2824 q=+0.00767 rad (+0.44°) | M11=2070 q=-0.00153 rad (-0.09°)
  lf_foot_link in base_link: X=+0.218502 m  Y=+0.095292 m  Z=-0.093619 m
[ 54.14s] M13=3535 q=+0.00920 rad (+0.53°) | M12=2824 q=+0.00767 rad (+0.44°) | M11=2070 q=-0.00153 rad (-0.09°)
  lf_foot_link in base_link: X=+0.218502 m  Y=+0.095292 m  Z=-0.093619 m
[ 54.58s] M13=3535 q=+0.00920 rad (+0.53°) | M12=2824 q=+0.00767 rad (+0.44°) | M11=2070 q=-0.00153 rad (-0.09°)
  lf_foot_link in base_link: X=+0.218502 m  Y=+0.095292 m  Z=-0.093619 m
[ 55.03s] M13=3535 q=+0.00920 rad (+0.53°) | M12=2824 q=+0.00767 rad (+0.44°) | M11=2070 q=-0.00153 rad (-0.09°)
  lf_foot_link in base_link: X=+0.218502 m  Y=+0.095292 m  Z=-0.093619 m
[ 55.46s] M13=3535 q=+0.00920 rad (+0.53°) | M12=2824 q=+0.00767 rad (+0.44°) | M11=2070 q=-0.00153 rad (-0.09°)
  lf_foot_link in base_link: X=+0.218502 m  Y=+0.095292 m  Z=-0.093619 m
[ 55.49s] M13=3535 q=+0.00920 rad (+0.53°) | M12=2820 q=+0.00153 rad (+0.09°) | M11=2070 q=-0.00153 rad (-0.09°)
  lf_foot_link in base_link: X=+0.219362 m  Y=+0.095286 m  Z=-0.092966 m
[ 55.91s] M13=3535 q=+0.00920 rad (+0.53°) | M12=2820 q=+0.00153 rad (+0.09°) | M11=2070 q=-0.00153 rad (-0.09°)
  lf_foot_link in base_link: X=+0.219362 m  Y=+0.095286 m  Z=-0.092966 m
[ 55.93s] M13=3535 q=+0.00920 rad (+0.53°) | M12=2818 q=-0.00153 rad (-0.09°) | M11=2075 q=-0.00920 rad (-0.53°)
  lf_foot_link in base_link: X=+0.220168 m  Y=+0.095275 m  Z=-0.091814 m
[ 56.36s] M13=3535 q=+0.00920 rad (+0.53°) | M12=2817 q=-0.00307 rad (-0.18°) | M11=2076 q=-0.01074 rad (-0.62°)
  lf_foot_link in base_link: X=+0.220455 m  Y=+0.095272 m  Z=-0.091484 m
[ 56.82s] M13=3535 q=+0.00920 rad (+0.53°) | M12=2794 q=-0.03835 rad (-2.20°) | M11=2076 q=-0.01074 rad (-0.62°)
  lf_foot_link in base_link: X=+0.225270 m  Y=+0.095236 m  Z=-0.087590 m
[ 57.25s] M13=3535 q=+0.00920 rad (+0.53°) | M12=2794 q=-0.03835 rad (-2.20°) | M11=2076 q=-0.01074 rad (-0.62°)
  lf_foot_link in base_link: X=+0.225270 m  Y=+0.095236 m  Z=-0.087590 m
[ 57.28s] M13=3535 q=+0.00920 rad (+0.53°) | M12=2775 q=-0.06750 rad (-3.87°) | M11=2076 q=-0.01074 rad (-0.62°)
  lf_foot_link in base_link: X=+0.229143 m  Y=+0.095205 m  Z=-0.084247 m
[ 57.71s] M13=3535 q=+0.00920 rad (+0.53°) | M12=2766 q=-0.08130 rad (-4.66°) | M11=2076 q=-0.01074 rad (-0.62°)
  lf_foot_link in base_link: X=+0.230942 m  Y=+0.095190 m  Z=-0.082624 m
[ 58.15s] M13=3535 q=+0.00920 rad (+0.53°) | M12=2743 q=-0.11658 rad (-6.68°) | M11=2076 q=-0.01074 rad (-0.62°)
  lf_foot_link in base_link: X=+0.235439 m  Y=+0.095151 m  Z=-0.078365 m
[ 58.59s] M13=3535 q=+0.00920 rad (+0.53°) | M12=2743 q=-0.11658 rad (-6.68°) | M11=2076 q=-0.01074 rad (-0.62°)
  lf_foot_link in base_link: X=+0.235439 m  Y=+0.095151 m  Z=-0.078365 m
[ 58.61s] M13=3535 q=+0.00920 rad (+0.53°) | M12=2707 q=-0.17181 rad (-9.84°) | M11=2076 q=-0.01074 rad (-0.62°)
  lf_foot_link in base_link: X=+0.242167 m  Y=+0.095087 m  Z=-0.071389 m
[ 59.05s] M13=3536 q=+0.00767 rad (+0.44°) | M12=2681 q=-0.21169 rad (-12.13°) | M11=2076 q=-0.01074 rad (-0.62°)
  lf_foot_link in base_link: X=+0.246782 m  Y=+0.094866 m  Z=-0.066198 m
[ 59.48s] M13=3536 q=+0.00767 rad (+0.44°) | M12=2681 q=-0.21169 rad (-12.13°) | M11=2076 q=-0.01074 rad (-0.62°)
  lf_foot_link in base_link: X=+0.246782 m  Y=+0.094866 m  Z=-0.066198 m
[ 59.51s] M13=3536 q=+0.00767 rad (+0.44°) | M12=2654 q=-0.25311 rad (-14.50°) | M11=2076 q=-0.01074 rad (-0.62°)
  lf_foot_link in base_link: X=+0.251348 m  Y=+0.094822 m  Z=-0.060541 m
[ 59.94s] M13=3536 q=+0.00767 rad (+0.44°) | M12=2651 q=-0.25771 rad (-14.77°) | M11=2076 q=-0.01074 rad (-0.62°)
  lf_foot_link in base_link: X=+0.251841 m  Y=+0.094817 m  Z=-0.059901 m
[ 60.39s] M13=3536 q=+0.00767 rad (+0.44°) | M12=2650 q=-0.25924 rad (-14.85°) | M11=2076 q=-0.01074 rad (-0.62°)
  lf_foot_link in base_link: X=+0.252004 m  Y=+0.094816 m  Z=-0.059687 m

TIMEOUT: FK live conclusa senza inviare alcun comando.
